<?xml version="1.0" encoding="UTF-8"?>
<!-- Generated by org.testng.reporters.JUnitReportReporter -->
<testsuite hostname="bkher-C02DT1DSMD6N" failures="0" tests="1" name="testSelenium.learning.FlightReservationTest" time="2.100" errors="0" timestamp="13 Oct 2023 09:08:19 GMT" skipped="0">
  <testcase classname="testSelenium.learning.FlightReservationTest" name="logwithValidDataTest" time="2.100"/>
</testsuite> <!-- testSelenium.learning.FlightReservationTest -->
