<?xml version="1.0" encoding="UTF-8"?>
<!-- Generated by org.testng.reporters.JUnitReportReporter -->
<testsuite hostname="bkher-C02DT1DSMD6N" failures="0" tests="1" name="testSelenium.learning.GoogleTest" time="5.719" errors="0" timestamp="10 Dec 2023 10:00:14 GMT" skipped="0">
  <testcase classname="testSelenium.learning.GoogleTest" name="searchKeyWordAndStoreScreenShot" time="5.719"/>
</testsuite> <!-- testSelenium.learning.GoogleTest -->
