<?xml version="1.0" encoding="UTF-8"?>
<!-- Generated by org.testng.reporters.JUnitReportReporter -->
<testsuite hostname="Bhagi-PC" failures="0" tests="1" name="testSelenium.learning.NaukariTest" time="1.500" errors="0" timestamp="2023-12-11T17:26:24 IST" skipped="0">
  <testcase classname="testSelenium.learning.NaukariTest" name="NaukariPageTest" time="1.500"/>
  <system-out/>
</testsuite> <!-- testSelenium.learning.NaukariTest -->
