<?xml version="1.0" encoding="UTF-8"?>
<!-- Generated by org.testng.reporters.JUnitReportReporter -->
<testsuite hostname="bkher-C02DT1DSMD6N" failures="0" tests="1" name="testSelenium.learning.Guru99AlertPageTest" time="93.770" errors="0" timestamp="16 Oct 2023 08:39:47 GMT" skipped="0">
  <testcase classname="testSelenium.learning.Guru99AlertPageTest" name="logwithValidDataTest" time="93.770"/>
</testsuite> <!-- testSelenium.learning.Guru99AlertPageTest -->
