<?xml version="1.0" encoding="UTF-8"?>
<!-- Generated by org.testng.reporters.JUnitReportReporter -->
<testsuite hostname="bkher-C02DT1DSMD6N" failures="0" tests="1" name="testSelenium.learning.Guru99HomePagetest" time="155.292" errors="0" timestamp="13 Oct 2023 10:04:51 GMT" skipped="0">
  <testcase classname="testSelenium.learning.Guru99HomePagetest" name="logwithValidDataTest" time="155.292"/>
</testsuite> <!-- testSelenium.learning.Guru99HomePagetest -->
