<?xml version="1.0" encoding="UTF-8"?>
<!-- Generated by org.testng.reporters.JUnitReportReporter -->
<testsuite hostname="bkher-C02DT1DSMD6N" failures="0" tests="1" name="testSelenium.learning.LambdaTest" time="4.412" errors="0" timestamp="10 Dec 2023 06:39:07 GMT" skipped="0">
  <testcase classname="testSelenium.learning.LambdaTest" name="staleElementTest" time="4.412"/>
</testsuite> <!-- testSelenium.learning.LambdaTest -->
