<?xml version="1.0" encoding="UTF-8"?>
<!-- Generated by org.testng.reporters.JUnitReportReporter -->
<testsuite hostname="bkher-C02DT1DSMD6N" failures="0" tests="1" name="testSelenium.learning.Guru99PageTest" time="28.631" errors="0" timestamp="13 Oct 2023 05:42:22 GMT" skipped="0">
  <testcase classname="testSelenium.learning.Guru99PageTest" name="logwithValidDataTest" time="28.631"/>
</testsuite> <!-- testSelenium.learning.Guru99PageTest -->
