<?xml version="1.0" encoding="UTF-8"?>
<!-- Generated by org.testng.reporters.JUnitReportReporter -->
<testsuite hostname="Bhagi-PC" failures="0" tests="1" name="testSelenium.learning.NaukariTest" time="1.624" errors="0" timestamp="11 Dec 2023 12:23:48 GMT" skipped="0">
  <testcase classname="testSelenium.learning.NaukariTest" name="NaukariPageTest" time="1.624"/>
</testsuite> <!-- testSelenium.learning.NaukariTest -->
